{
  "RSpec": {
    "coverage": {
      "/Users/tamarlehmann/Makers/Course/tech-tests/bank-tech-test/spec/bank_account_spec.rb": [
        1,
        null,
        1,
        9,
        9,
        1,
        9,
        null,
        1,
        8,
        null,
        null,
        1,
        1,
        1,
        null,
        null,
        1,
        1,
        null,
        null,
        null,
        1,
        3,
        null,
        1,
        4,
        null,
        null,
        1,
        1,
        null,
        null,
        null,
        1,
        4,
        3,
        2,
        null,
        1,
        3,
        null,
        null,
        1,
        4,
        null,
        null,
        1,
        1,
        null,
        null,
        1,
        1,
        2,
        null,
        null,
        null,
        1,
        1,
        1,
        null,
        null,
        null
      ],
      "/Users/tamarlehmann/Makers/Course/tech-tests/bank-tech-test/lib/bank_account.rb": [
        1,
        1,
        1,
        null,
        1,
        1,
        1,
        null,
        1,
        8,
        8,
        null,
        null,
        1,
        5,
        5,
        5,
        null,
        null,
        1,
        3,
        3,
        2,
        2,
        2,
        null,
        null,
        1,
        0,
        null,
        null,
        1,
        null,
        1,
        7,
        7,
        null,
        null,
        1,
        3,
        null,
        null,
        null
      ],
      "/Users/tamarlehmann/Makers/Course/tech-tests/bank-tech-test/lib/transaction.rb": [
        1,
        1,
        null,
        1,
        11,
        11,
        11,
        11,
        null,
        null,
        null
      ],
      "/Users/tamarlehmann/Makers/Course/tech-tests/bank-tech-test/lib/transaction_history.rb": [
        1,
        1,
        null,
        1,
        2,
        null,
        null,
        1,
        1,
        null,
        null
      ],
      "/Users/tamarlehmann/Makers/Course/tech-tests/bank-tech-test/lib/bank_statement.rb": [
        1,
        1,
        null,
        1,
        4,
        null,
        null,
        1,
        0,
        0,
        null,
        null,
        1,
        null,
        1,
        0,
        0,
        0,
        0,
        0,
        0,
        null,
        null,
        1,
        0,
        0,
        0,
        0,
        0,
        null,
        0,
        null,
        0,
        null,
        0,
        null,
        null,
        1,
        0,
        null,
        null
      ],
      "/Users/tamarlehmann/Makers/Course/tech-tests/bank-tech-test/spec/bank_statement_spec.rb": [
        1,
        null,
        1,
        5,
        4,
        4,
        5,
        null,
        null,
        1,
        1,
        1,
        null,
        null,
        null,
        1,
        1,
        3,
        null,
        null,
        1,
        1,
        1,
        null,
        null,
        1,
        1,
        1,
        null,
        null,
        1,
        1,
        1,
        1,
        null,
        null,
        null
      ],
      "/Users/tamarlehmann/Makers/Course/tech-tests/bank-tech-test/spec/transaction_history_spec.rb": [
        1,
        null,
        1,
        3,
        null,
        1,
        1,
        1,
        null,
        null,
        null,
        1,
        2,
        1,
        1,
        1,
        null,
        null,
        null
      ],
      "/Users/tamarlehmann/Makers/Course/tech-tests/bank-tech-test/spec/transaction_spec.rb": [
        1,
        null,
        1,
        5,
        5,
        5,
        5,
        5,
        null,
        1,
        1,
        1,
        null,
        null,
        1,
        1,
        null,
        null,
        1,
        1,
        null,
        null,
        1,
        1,
        null,
        null,
        null
      ]
    },
    "timestamp": 1488890218
  }
}
